# JRE version: OpenJDK Runtime Environment (11.0.13) (build 11.0.13+0-b1751.21-8125866)
# Java VM: OpenJDK 64-Bit Server VM (11.0.13+0-b1751.21-8125866, mixed mode, tiered, compressed oops, g1 gc, windows-amd64)
Heap:
 garbage-first heap   total 236544K, used 98305K [0x0000000080000000, 0x0000000100000000)
  region size 1024K, 3 young (3072K), 3 survivors (3072K)
 Metaspace       used 93584K, capacity 96063K, committed 96284K, reserved 1132544K
  class space    used 12032K, capacity 13001K, committed 13004K, reserved 1048576K
GC Heap History (20 events):
Event: 5.113 GC heap after
{Heap after GC invocations=7 (full 0):
 garbage-first heap   total 196608K, used 28646K [0x0000000080000000, 0x0000000100000000)
  region size 1024K, 12 young (12288K), 12 survivors (12288K)
 Metaspace       used 43852K, capacity 44839K, committed 45052K, reserved 1089536K
  class space    used 5509K, capacity 5883K, committed 5964K, reserved 1048576K
}
Event: 6.144 GC heap before
{Heap before GC invocations=7 (full 0):
 garbage-first heap   total 196608K, used 136166K [0x0000000080000000, 0x0000000100000000)
  region size 1024K, 113 young (115712K), 12 survivors (12288K)
 Metaspace       used 48760K, capacity 50000K, committed 50172K, reserved 1093632K
  class space    used 6169K, capacity 6654K, committed 6732K, reserved 1048576K
}
Event: 6.158 GC heap after
{Heap after GC invocations=8 (full 0):
 garbage-first heap   total 196608K, used 41500K [0x0000000080000000, 0x0000000100000000)
  region size 1024K, 15 young (15360K), 15 survivors (15360K)
 Metaspace       used 48760K, capacity 50000K, committed 50172K, reserved 1093632K
  class space    used 6169K, capacity 6654K, committed 6732K, reserved 1048576K
}
Event: 7.149 GC heap before
{Heap before GC invocations=8 (full 0):
 garbage-first heap   total 196608K, used 115228K [0x0000000080000000, 0x0000000100000000)
  region size 1024K, 88 young (90112K), 15 survivors (15360K)
 Metaspace       used 58914K, capacity 60283K, committed 60368K, reserved 1101824K
  class space    used 7451K, capacity 7989K, committed 8012K, reserved 1048576K
}
Event: 7.163 GC heap after
{Heap after GC invocations=9 (full 0):
 garbage-first heap   total 196608K, used 45053K [0x0000000080000000, 0x0000000100000000)
  region size 1024K, 4 young (4096K), 4 survivors (4096K)
 Metaspace       used 58914K, capacity 60283K, committed 60368K, reserved 1101824K
  class space    used 7451K, capacity 7989K, committed 8012K, reserved 1048576K
}
Event: 8.152 GC heap before
{Heap before GC invocations=10 (full 0):
 garbage-first heap   total 196608K, used 145405K [0x0000000080000000, 0x0000000100000000)
  region size 1024K, 95 young (97280K), 4 survivors (4096K)
 Metaspace       used 65168K, capacity 66666K, committed 66844K, reserved 1107968K
  class space    used 8247K, capacity 8818K, committed 8908K, reserved 1048576K
}
Event: 8.165 GC heap after
{Heap after GC invocations=11 (full 0):
 garbage-first heap   total 196608K, used 51755K [0x0000000080000000, 0x0000000100000000)
  region size 1024K, 11 young (11264K), 11 survivors (11264K)
 Metaspace       used 65168K, capacity 66666K, committed 66844K, reserved 1107968K
  class space    used 8247K, capacity 8818K, committed 8908K, reserved 1048576K
}
Event: 9.207 GC heap before
{Heap before GC invocations=12 (full 0):
 garbage-first heap   total 196608K, used 142891K [0x0000000080000000, 0x0000000100000000)
  region size 1024K, 100 young (102400K), 11 survivors (11264K)
 Metaspace       used 72285K, capacity 73922K, committed 74140K, reserved 1114112K
  class space    used 9351K, capacity 9984K, committed 10060K, reserved 1048576K
}
Event: 9.217 GC heap after
{Heap after GC invocations=13 (full 0):
 garbage-first heap   total 196608K, used 57674K [0x0000000080000000, 0x0000000100000000)
  region size 1024K, 7 young (7168K), 7 survivors (7168K)
 Metaspace       used 72285K, capacity 73922K, committed 74140K, reserved 1114112K
  class space    used 9351K, capacity 9984K, committed 10060K, reserved 1048576K
}
Event: 10.399 GC heap before
{Heap before GC invocations=13 (full 0):
 garbage-first heap   total 196608K, used 146762K [0x0000000080000000, 0x0000000100000000)
  region size 1024K, 94 young (96256K), 7 survivors (7168K)
 Metaspace       used 80785K, capacity 82744K, committed 82844K, reserved 1120256K
  class space    used 10589K, capacity 11332K, committed 11340K, reserved 1048576K
}
Event: 10.408 GC heap after
{Heap after GC invocations=14 (full 0):
 garbage-first heap   total 196608K, used 63057K [0x0000000080000000, 0x0000000100000000)
  region size 1024K, 12 young (12288K), 12 survivors (12288K)
 Metaspace       used 80785K, capacity 82744K, committed 82844K, reserved 1120256K
  class space    used 10589K, capacity 11332K, committed 11340K, reserved 1048576K
}
Event: 11.309 GC heap before
{Heap before GC invocations=14 (full 0):
 garbage-first heap   total 196608K, used 149073K [0x0000000080000000, 0x0000000100000000)
  region size 1024K, 97 young (99328K), 12 survivors (12288K)
 Metaspace       used 82599K, capacity 84789K, committed 85020K, reserved 1122304K
  class space    used 10804K, capacity 11633K, committed 11724K, reserved 1048576K
}
Event: 11.322 GC heap after
{Heap after GC invocations=15 (full 0):
 garbage-first heap   total 196608K, used 70469K [0x0000000080000000, 0x0000000100000000)
  region size 1024K, 13 young (13312K), 13 survivors (13312K)
 Metaspace       used 82599K, capacity 84789K, committed 85020K, reserved 1122304K
  class space    used 10804K, capacity 11633K, committed 11724K, reserved 1048576K
}
Event: 11.949 GC heap before
{Heap before GC invocations=15 (full 0):
 garbage-first heap   total 196608K, used 153413K [0x0000000080000000, 0x0000000100000000)
  region size 1024K, 95 young (97280K), 13 survivors (13312K)
 Metaspace       used 83982K, capacity 86237K, committed 86428K, reserved 1124352K
  class space    used 10889K, capacity 11740K, committed 11852K, reserved 1048576K
}
Event: 11.961 GC heap after
{Heap after GC invocations=16 (full 0):
 garbage-first heap   total 196608K, used 76251K [0x0000000080000000, 0x0000000100000000)
  region size 1024K, 7 young (7168K), 7 survivors (7168K)
 Metaspace       used 83982K, capacity 86237K, committed 86428K, reserved 1124352K
  class space    used 10889K, capacity 11740K, committed 11852K, reserved 1048576K
}
Event: 13.643 GC heap before
{Heap before GC invocations=16 (full 0):
 garbage-first heap   total 196608K, used 158171K [0x0000000080000000, 0x0000000100000000)
  region size 1024K, 86 young (88064K), 7 survivors (7168K)
 Metaspace       used 91216K, capacity 93663K, committed 93724K, reserved 1130496K
  class space    used 11785K, capacity 12702K, committed 12748K, reserved 1048576K
}
Event: 13.657 GC heap after
{Heap after GC invocations=17 (full 0):
 garbage-first heap   total 196608K, used 89586K [0x0000000080000000, 0x0000000100000000)
  region size 1024K, 11 young (11264K), 11 survivors (11264K)
 Metaspace       used 91216K, capacity 93663K, committed 93724K, reserved 1130496K
  class space    used 11785K, capacity 12702K, committed 12748K, reserved 1048576K
}
Event: 14.473 GC heap before
{Heap before GC invocations=17 (full 0):
 garbage-first heap   total 196608K, used 155122K [0x0000000080000000, 0x0000000100000000)
  region size 1024K, 76 young (77824K), 11 survivors (11264K)
 Metaspace       used 93347K, capacity 95840K, committed 96028K, reserved 1132544K
  class space    used 12011K, capacity 12995K, committed 13004K, reserved 1048576K
}
Event: 14.491 GC heap after
{Heap after GC invocations=18 (full 0):
 garbage-first heap   total 196608K, used 96181K [0x0000000080000000, 0x0000000100000000)
  region size 1024K, 9 young (9216K), 9 survivors (9216K)
 Metaspace       used 93347K, capacity 95840K, committed 96028K, reserved 1132544K
  class space    used 12011K, capacity 12995K, committed 13004K, reserved 1048576K
}
Event: 14.691 GC heap before
{Heap before GC invocations=18 (full 0):
 garbage-first heap   total 196608K, used 126901K [0x0000000080000000, 0x0000000100000000)
  region size 1024K, 41 young (41984K), 9 survivors (9216K)
 Metaspace       used 93584K, capacity 96063K, committed 96284K, reserved 1132544K
  class space    used 12032K, capacity 13001K, committed 13004K, reserved 1048576K
}

