# JRE version: OpenJDK Runtime Environment (11.0.13) (build 11.0.13+0-b1751.21-8125866)
# Java VM: OpenJDK 64-Bit Server VM (11.0.13+0-b1751.21-8125866, mixed mode, tiered, compressed oops, g1 gc, windows-amd64)
Heap:
 garbage-first heap   total 460800K, used 331247K [0x0000000080000000, 0x0000000100000000)
  region size 1024K, 57 young (58368K), 4 survivors (4096K)
 Metaspace       used 265637K, capacity 275803K, committed 276020K, reserved 1290240K
  class space    used 32895K, capacity 36476K, committed 36504K, reserved 1048576K
GC Heap History (20 events):
Event: 5782.543 GC heap before
{Heap before GC invocations=313 (full 0):
 garbage-first heap   total 460800K, used 366219K [0x0000000080000000, 0x0000000100000000)
  region size 1024K, 101 young (103424K), 13 survivors (13312K)
 Metaspace       used 255937K, capacity 265429K, committed 265524K, reserved 1280000K
  class space    used 31429K, capacity 34657K, committed 34712K, reserved 1048576K
}
Event: 5782.563 GC heap after
{Heap after GC invocations=314 (full 0):
 garbage-first heap   total 460800K, used 282667K [0x0000000080000000, 0x0000000100000000)
  region size 1024K, 13 young (13312K), 13 survivors (13312K)
 Metaspace       used 255937K, capacity 265429K, committed 265524K, reserved 1280000K
  class space    used 31429K, capacity 34657K, committed 34712K, reserved 1048576K
}
Event: 5782.633 GC heap before
{Heap before GC invocations=314 (full 0):
 garbage-first heap   total 460800K, used 308267K [0x0000000080000000, 0x0000000100000000)
  region size 1024K, 22 young (22528K), 13 survivors (13312K)
 Metaspace       used 255937K, capacity 265429K, committed 265524K, reserved 1280000K
  class space    used 31429K, capacity 34657K, committed 34712K, reserved 1048576K
}
Event: 5782.650 GC heap after
{Heap after GC invocations=315 (full 0):
 garbage-first heap   total 460800K, used 272384K [0x0000000080000000, 0x0000000100000000)
  region size 1024K, 2 young (2048K), 2 survivors (2048K)
 Metaspace       used 255937K, capacity 265429K, committed 265524K, reserved 1280000K
  class space    used 31429K, capacity 34657K, committed 34712K, reserved 1048576K
}
Event: 5782.814 GC heap before
{Heap before GC invocations=315 (full 0):
 garbage-first heap   total 460800K, used 360448K [0x0000000080000000, 0x0000000100000000)
  region size 1024K, 89 young (91136K), 2 survivors (2048K)
 Metaspace       used 255946K, capacity 265432K, committed 265524K, reserved 1280000K
  class space    used 31429K, capacity 34657K, committed 34712K, reserved 1048576K
}
Event: 5782.827 GC heap after
{Heap after GC invocations=316 (full 0):
 garbage-first heap   total 460800K, used 279785K [0x0000000080000000, 0x0000000100000000)
  region size 1024K, 10 young (10240K), 10 survivors (10240K)
 Metaspace       used 255946K, capacity 265432K, committed 265524K, reserved 1280000K
  class space    used 31429K, capacity 34657K, committed 34712K, reserved 1048576K
}
Event: 5783.397 GC heap before
{Heap before GC invocations=317 (full 0):
 garbage-first heap   total 460800K, used 365801K [0x0000000080000000, 0x0000000100000000)
  region size 1024K, 96 young (98304K), 10 survivors (10240K)
 Metaspace       used 257067K, capacity 266529K, committed 266676K, reserved 1282048K
  class space    used 31544K, capacity 34767K, committed 34840K, reserved 1048576K
}
Event: 5783.407 GC heap after
{Heap after GC invocations=318 (full 0):
 garbage-first heap   total 460800K, used 276332K [0x0000000080000000, 0x0000000100000000)
  region size 1024K, 6 young (6144K), 6 survivors (6144K)
 Metaspace       used 257067K, capacity 266529K, committed 266676K, reserved 1282048K
  class space    used 31544K, capacity 34767K, committed 34840K, reserved 1048576K
}
Event: 5783.458 GC heap before
{Heap before GC invocations=318 (full 0):
 garbage-first heap   total 460800K, used 291692K [0x0000000080000000, 0x0000000100000000)
  region size 1024K, 22 young (22528K), 6 survivors (6144K)
 Metaspace       used 257446K, capacity 266882K, committed 266932K, reserved 1282048K
  class space    used 31602K, capacity 34821K, committed 34840K, reserved 1048576K
}
Event: 5783.471 GC heap after
{Heap after GC invocations=319 (full 0):
 garbage-first heap   total 460800K, used 263704K [0x0000000080000000, 0x0000000100000000)
  region size 1024K, 3 young (3072K), 3 survivors (3072K)
 Metaspace       used 257446K, capacity 266882K, committed 266932K, reserved 1282048K
  class space    used 31602K, capacity 34821K, committed 34840K, reserved 1048576K
}
Event: 5783.521 GC heap before
{Heap before GC invocations=319 (full 0):
 garbage-first heap   total 460800K, used 286232K [0x0000000080000000, 0x0000000100000000)
  region size 1024K, 27 young (27648K), 3 survivors (3072K)
 Metaspace       used 257769K, capacity 267238K, committed 267572K, reserved 1282048K
  class space    used 31635K, capacity 34853K, committed 34968K, reserved 1048576K
}
Event: 5783.529 GC heap after
{Heap after GC invocations=320 (full 0):
 garbage-first heap   total 460800K, used 268040K [0x0000000080000000, 0x0000000100000000)
  region size 1024K, 8 young (8192K), 8 survivors (8192K)
 Metaspace       used 257769K, capacity 267238K, committed 267572K, reserved 1282048K
  class space    used 31635K, capacity 34853K, committed 34968K, reserved 1048576K
}
Event: 5783.905 GC heap before
{Heap before GC invocations=320 (full 0):
 garbage-first heap   total 460800K, used 340744K [0x0000000080000000, 0x0000000100000000)
  region size 1024K, 83 young (84992K), 8 survivors (8192K)
 Metaspace       used 260703K, capacity 270362K, committed 270644K, reserved 1284096K
  class space    used 32068K, capacity 35375K, committed 35480K, reserved 1048576K
}
Event: 5783.914 GC heap after
{Heap after GC invocations=321 (full 0):
 garbage-first heap   total 460800K, used 271335K [0x0000000080000000, 0x0000000100000000)
  region size 1024K, 11 young (11264K), 11 survivors (11264K)
 Metaspace       used 260703K, capacity 270362K, committed 270644K, reserved 1284096K
  class space    used 32068K, capacity 35375K, committed 35480K, reserved 1048576K
}
Event: 5784.255 GC heap before
{Heap before GC invocations=322 (full 0):
 garbage-first heap   total 460800K, used 351207K [0x0000000080000000, 0x0000000100000000)
  region size 1024K, 90 young (92160K), 11 survivors (11264K)
 Metaspace       used 263962K, capacity 273973K, committed 274100K, reserved 1288192K
  class space    used 32590K, capacity 36079K, committed 36120K, reserved 1048576K
}
Event: 5784.273 GC heap after
{Heap after GC invocations=323 (full 0):
 garbage-first heap   total 460800K, used 279306K [0x0000000080000000, 0x0000000100000000)
  region size 1024K, 10 young (10240K), 10 survivors (10240K)
 Metaspace       used 263962K, capacity 273973K, committed 274100K, reserved 1288192K
  class space    used 32590K, capacity 36079K, committed 36120K, reserved 1048576K
}
Event: 5784.332 GC heap before
{Heap before GC invocations=323 (full 0):
 garbage-first heap   total 460800K, used 290570K [0x0000000080000000, 0x0000000100000000)
  region size 1024K, 22 young (22528K), 10 survivors (10240K)
 Metaspace       used 264081K, capacity 274108K, committed 274484K, reserved 1288192K
  class space    used 32607K, capacity 36123K, committed 36248K, reserved 1048576K
}
Event: 5784.349 GC heap after
{Heap after GC invocations=324 (full 0):
 garbage-first heap   total 460800K, used 275992K [0x0000000080000000, 0x0000000100000000)
  region size 1024K, 3 young (3072K), 3 survivors (3072K)
 Metaspace       used 264081K, capacity 274108K, committed 274484K, reserved 1288192K
  class space    used 32607K, capacity 36123K, committed 36248K, reserved 1048576K
}
Event: 5784.387 GC heap before
{Heap before GC invocations=324 (full 0):
 garbage-first heap   total 460800K, used 283160K [0x0000000080000000, 0x0000000100000000)
  region size 1024K, 11 young (11264K), 3 survivors (3072K)
 Metaspace       used 264154K, capacity 274165K, committed 274484K, reserved 1288192K
  class space    used 32621K, capacity 36142K, committed 36248K, reserved 1048576K
}
Event: 5784.399 GC heap after
{Heap after GC invocations=325 (full 0):
 garbage-first heap   total 460800K, used 276975K [0x0000000080000000, 0x0000000100000000)
  region size 1024K, 4 young (4096K), 4 survivors (4096K)
 Metaspace       used 264154K, capacity 274165K, committed 274484K, reserved 1288192K
  class space    used 32621K, capacity 36142K, committed 36248K, reserved 1048576K
}

