# JRE version: OpenJDK Runtime Environment (11.0.13) (build 11.0.13+0-b1751.21-8125866)
# Java VM: OpenJDK 64-Bit Server VM (11.0.13+0-b1751.21-8125866, mixed mode, tiered, compressed oops, g1 gc, windows-amd64)
Heap:
 garbage-first heap   total 236544K, used 121603K [0x0000000080000000, 0x0000000100000000)
  region size 1024K, 34 young (34816K), 4 survivors (4096K)
 Metaspace       used 105297K, capacity 109575K, committed 109736K, reserved 1142784K
  class space    used 14241K, capacity 15997K, committed 16120K, reserved 1048576K
GC Heap History (20 events):
Event: 5.740 GC heap before
{Heap before GC invocations=8 (full 0):
 garbage-first heap   total 196608K, used 124419K [0x0000000080000000, 0x0000000100000000)
  region size 1024K, 105 young (107520K), 12 survivors (12288K)
 Metaspace       used 48497K, capacity 49781K, committed 49872K, reserved 1093632K
  class space    used 6156K, capacity 6635K, committed 6688K, reserved 1048576K
}
Event: 5.751 GC heap after
{Heap after GC invocations=9 (full 0):
 garbage-first heap   total 196608K, used 32882K [0x0000000080000000, 0x0000000100000000)
  region size 1024K, 10 young (10240K), 10 survivors (10240K)
 Metaspace       used 48497K, capacity 49781K, committed 49872K, reserved 1093632K
  class space    used 6156K, capacity 6635K, committed 6688K, reserved 1048576K
}
Event: 6.836 GC heap before
{Heap before GC invocations=9 (full 0):
 garbage-first heap   total 196608K, used 125042K [0x0000000080000000, 0x0000000100000000)
  region size 1024K, 97 young (99328K), 10 survivors (10240K)
 Metaspace       used 58967K, capacity 60421K, committed 60496K, reserved 1101824K
  class space    used 7470K, capacity 8036K, committed 8096K, reserved 1048576K
}
Event: 6.850 GC heap after
{Heap after GC invocations=10 (full 0):
 garbage-first heap   total 196608K, used 45617K [0x0000000080000000, 0x0000000100000000)
  region size 1024K, 13 young (13312K), 13 survivors (13312K)
 Metaspace       used 58967K, capacity 60421K, committed 60496K, reserved 1101824K
  class space    used 7470K, capacity 8036K, committed 8096K, reserved 1048576K
}
Event: 7.836 GC heap before
{Heap before GC invocations=11 (full 0):
 garbage-first heap   total 196608K, used 144945K [0x0000000080000000, 0x0000000100000000)
  region size 1024K, 103 young (105472K), 13 survivors (13312K)
 Metaspace       used 65220K, capacity 66770K, committed 66984K, reserved 1107968K
  class space    used 8264K, capacity 8833K, committed 8952K, reserved 1048576K
}
Event: 7.855 GC heap after
{Heap after GC invocations=12 (full 0):
 garbage-first heap   total 196608K, used 53474K [0x0000000080000000, 0x0000000100000000)
  region size 1024K, 9 young (9216K), 9 survivors (9216K)
 Metaspace       used 65220K, capacity 66770K, committed 66984K, reserved 1107968K
  class space    used 8264K, capacity 8833K, committed 8952K, reserved 1048576K
}
Event: 8.799 GC heap before
{Heap before GC invocations=13 (full 0):
 garbage-first heap   total 196608K, used 142562K [0x0000000080000000, 0x0000000100000000)
  region size 1024K, 96 young (98304K), 9 survivors (9216K)
 Metaspace       used 72225K, capacity 73913K, committed 74024K, reserved 1114112K
  class space    used 9364K, capacity 10004K, committed 10104K, reserved 1048576K
}
Event: 8.809 GC heap after
{Heap after GC invocations=14 (full 0):
 garbage-first heap   total 196608K, used 59787K [0x0000000080000000, 0x0000000100000000)
  region size 1024K, 7 young (7168K), 7 survivors (7168K)
 Metaspace       used 72225K, capacity 73913K, committed 74024K, reserved 1114112K
  class space    used 9364K, capacity 10004K, committed 10104K, reserved 1048576K
}
Event: 9.920 GC heap before
{Heap before GC invocations=14 (full 0):
 garbage-first heap   total 196608K, used 147851K [0x0000000080000000, 0x0000000100000000)
  region size 1024K, 93 young (95232K), 7 survivors (7168K)
 Metaspace       used 80574K, capacity 82564K, committed 82728K, reserved 1120256K
  class space    used 10571K, capacity 11327K, committed 11384K, reserved 1048576K
}
Event: 9.929 GC heap after
{Heap after GC invocations=15 (full 0):
 garbage-first heap   total 196608K, used 64666K [0x0000000080000000, 0x0000000100000000)
  region size 1024K, 12 young (12288K), 12 survivors (12288K)
 Metaspace       used 80574K, capacity 82564K, committed 82728K, reserved 1120256K
  class space    used 10571K, capacity 11327K, committed 11384K, reserved 1048576K
}
Event: 10.653 GC heap before
{Heap before GC invocations=15 (full 0):
 garbage-first heap   total 196608K, used 149658K [0x0000000080000000, 0x0000000100000000)
  region size 1024K, 96 young (98304K), 12 survivors (12288K)
 Metaspace       used 82533K, capacity 84778K, committed 84904K, reserved 1122304K
  class space    used 10827K, capacity 11716K, committed 11768K, reserved 1048576K
}
Event: 10.666 GC heap after
{Heap after GC invocations=16 (full 0):
 garbage-first heap   total 196608K, used 71254K [0x0000000080000000, 0x0000000100000000)
  region size 1024K, 12 young (12288K), 12 survivors (12288K)
 Metaspace       used 82533K, capacity 84778K, committed 84904K, reserved 1122304K
  class space    used 10827K, capacity 11716K, committed 11768K, reserved 1048576K
}
Event: 11.296 GC heap before
{Heap before GC invocations=16 (full 0):
 garbage-first heap   total 196608K, used 153174K [0x0000000080000000, 0x0000000100000000)
  region size 1024K, 93 young (95232K), 12 survivors (12288K)
 Metaspace       used 83336K, capacity 85625K, committed 85800K, reserved 1124352K
  class space    used 10881K, capacity 11773K, committed 11896K, reserved 1048576K
}
Event: 11.312 GC heap after
{Heap after GC invocations=17 (full 0):
 garbage-first heap   total 236544K, used 77629K [0x0000000080000000, 0x0000000100000000)
  region size 1024K, 7 young (7168K), 7 survivors (7168K)
 Metaspace       used 83336K, capacity 85625K, committed 85800K, reserved 1124352K
  class space    used 10881K, capacity 11773K, committed 11896K, reserved 1048576K
}
Event: 12.040 GC heap before
{Heap before GC invocations=17 (full 0):
 garbage-first heap   total 236544K, used 183101K [0x0000000080000000, 0x0000000100000000)
  region size 1024K, 107 young (109568K), 7 survivors (7168K)
 Metaspace       used 88380K, capacity 91126K, committed 91176K, reserved 1128448K
  class space    used 11565K, capacity 12634K, committed 12664K, reserved 1048576K
}
Event: 12.050 GC heap after
{Heap after GC invocations=18 (full 0):
 garbage-first heap   total 236544K, used 83834K [0x0000000080000000, 0x0000000100000000)
  region size 1024K, 13 young (13312K), 13 survivors (13312K)
 Metaspace       used 88380K, capacity 91126K, committed 91176K, reserved 1128448K
  class space    used 11565K, capacity 12634K, committed 12664K, reserved 1048576K
}
Event: 12.863 GC heap before
{Heap before GC invocations=18 (full 0):
 garbage-first heap   total 236544K, used 183162K [0x0000000080000000, 0x0000000100000000)
  region size 1024K, 111 young (113664K), 13 survivors (13312K)
 Metaspace       used 97734K, capacity 101672K, committed 101800K, reserved 1136640K
  class space    used 13170K, capacity 14808K, committed 14840K, reserved 1048576K
}
Event: 12.883 GC heap after
{Heap after GC invocations=19 (full 0):
 garbage-first heap   total 236544K, used 92832K [0x0000000080000000, 0x0000000100000000)
  region size 1024K, 14 young (14336K), 14 survivors (14336K)
 Metaspace       used 97734K, capacity 101672K, committed 101800K, reserved 1136640K
  class space    used 13170K, capacity 14808K, committed 14840K, reserved 1048576K
}
Event: 14.089 GC heap before
{Heap before GC invocations=19 (full 0):
 garbage-first heap   total 236544K, used 187040K [0x0000000080000000, 0x0000000100000000)
  region size 1024K, 106 young (108544K), 14 survivors (14336K)
 Metaspace       used 102971K, capacity 107295K, committed 107432K, reserved 1140736K
  class space    used 13989K, capacity 15784K, committed 15864K, reserved 1048576K
}
Event: 14.098 GC heap after
{Heap after GC invocations=20 (full 0):
 garbage-first heap   total 236544K, used 91907K [0x0000000080000000, 0x0000000100000000)
  region size 1024K, 4 young (4096K), 4 survivors (4096K)
 Metaspace       used 102971K, capacity 107295K, committed 107432K, reserved 1140736K
  class space    used 13989K, capacity 15784K, committed 15864K, reserved 1048576K
}

